<?xml version='1.0' encoding='UTF-8' ?>
<testsuite name="com.example.goforth.ExampleInstrumentedTest" tests="5" failures="0" errors="0" skipped="0" time="22.959" timestamp="2024-04-27T03:04:02" hostname="localhost">
  <properties>
    <property name="device" value="Pixel_3a_API_34_extension_level_7_x86_64(AVD) - 14" />
    <property name="flavor" value="" />
    <property name="project" value=":app" />
  </properties>
  <testcase name="useAppContext" classname="com.example.goforth.ExampleInstrumentedTest" time="0.036" />
  <testcase name="testLogin" classname="com.example.goforth.NicholasSystemTest" time="5.356" />
  <testcase name="signupTest" classname="com.example.goforth.NicholasSystemTest" time="4.907" />
  <testcase name="clanJoin" classname="com.example.goforth.NicholasSystemTest" time="4.203" />
  <testcase name="clanCreation" classname="com.example.goforth.NicholasSystemTest" time="3.873" />
</testsuite>